0 info it worked if it ends with ok
1 verbose cli [ '/home/ubuntu/.nvm/versions/node/v6.11.2/bin/node',
1 verbose cli   '/home/ubuntu/.nvm/versions/node/v6.11.2/bin/npm',
1 verbose cli   'install',
1 verbose cli   'bulma' ]
2 info using npm@3.10.10
3 info using node@v6.11.2
4 silly loadCurrentTree Starting
5 silly install loadCurrentTree
6 silly install readLocalPackageData
7 silly fetchPackageMetaData bulma
8 silly fetchNamedPackageData bulma
9 silly mapToRegistry name bulma
10 silly mapToRegistry using default registry
11 silly mapToRegistry registry https://registry.npmjs.org/
12 silly mapToRegistry data Result {
12 silly mapToRegistry   raw: 'bulma',
12 silly mapToRegistry   scope: null,
12 silly mapToRegistry   escapedName: 'bulma',
12 silly mapToRegistry   name: 'bulma',
12 silly mapToRegistry   rawSpec: '',
12 silly mapToRegistry   spec: 'latest',
12 silly mapToRegistry   type: 'tag' }
13 silly mapToRegistry uri https://registry.npmjs.org/bulma
14 verbose request uri https://registry.npmjs.org/bulma
15 verbose request no auth needed
16 info attempt registry request try #1 at 11:34:45 PM
17 verbose request id bbc7bb50d70df961
18 http request GET https://registry.npmjs.org/bulma
19 http 200 https://registry.npmjs.org/bulma
20 verbose headers { date: 'Thu, 07 Mar 2019 23:34:45 GMT',
20 verbose headers   'content-type': 'application/json',
20 verbose headers   'transfer-encoding': 'chunked',
20 verbose headers   connection: 'keep-alive',
20 verbose headers   'set-cookie': [ '__cfduid=dbcaa7f1103d4ad9abd4022cea4925d111552001685; expires=Fri, 06-Mar-20 23:34:45 GMT; path=/; domain=.registry.npmjs.org; HttpOnly' ],
20 verbose headers   'cf-cache-status': 'HIT',
20 verbose headers   'cache-control': 'max-age=300',
20 verbose headers   'cf-ray': '4b4061c5fa2f10b1-ORD',
20 verbose headers   etag: 'W/"b9a86349dd34fcd3ff454acc5dcecfed"',
20 verbose headers   'expect-ct': 'max-age=604800, report-uri="https://report-uri.cloudflare.com/cdn-cgi/beacon/expect-ct"',
20 verbose headers   'last-modified': 'Fri, 08 Feb 2019 11:38:42 GMT',
20 verbose headers   vary: 'accept-encoding, accept',
20 verbose headers   'x-amz-meta-rev': '83-663790a9e5705bd7440fcd92e3e802a1',
20 verbose headers   server: 'cloudflare',
20 verbose headers   'content-encoding': 'gzip' }
21 silly get cb [ 200,
21 silly get   { date: 'Thu, 07 Mar 2019 23:34:45 GMT',
21 silly get     'content-type': 'application/json',
21 silly get     'transfer-encoding': 'chunked',
21 silly get     connection: 'keep-alive',
21 silly get     'set-cookie': [ '__cfduid=dbcaa7f1103d4ad9abd4022cea4925d111552001685; expires=Fri, 06-Mar-20 23:34:45 GMT; path=/; domain=.registry.npmjs.org; HttpOnly' ],
21 silly get     'cf-cache-status': 'HIT',
21 silly get     'cache-control': 'max-age=300',
21 silly get     'cf-ray': '4b4061c5fa2f10b1-ORD',
21 silly get     etag: 'W/"b9a86349dd34fcd3ff454acc5dcecfed"',
21 silly get     'expect-ct': 'max-age=604800, report-uri="https://report-uri.cloudflare.com/cdn-cgi/beacon/expect-ct"',
21 silly get     'last-modified': 'Fri, 08 Feb 2019 11:38:42 GMT',
21 silly get     vary: 'accept-encoding, accept',
21 silly get     'x-amz-meta-rev': '83-663790a9e5705bd7440fcd92e3e802a1',
21 silly get     server: 'cloudflare',
21 silly get     'content-encoding': 'gzip' } ]
22 verbose get saving bulma to /home/ubuntu/.npm/registry.npmjs.org/bulma/.cache.json
23 verbose correctMkdir /home/ubuntu/.npm correctMkdir not in flight; initializing
24 silly install normalizeTree
25 silly loadCurrentTree Finishing
26 silly loadIdealTree Starting
27 silly install loadIdealTree
28 silly cloneCurrentTree Starting
29 silly install cloneCurrentTreeToIdealTree
30 silly cloneCurrentTree Finishing
31 silly loadShrinkwrap Starting
32 silly install loadShrinkwrap
33 silly loadShrinkwrap Finishing
34 silly loadAllDepsIntoIdealTree Starting
35 silly install loadAllDepsIntoIdealTree
36 silly resolveWithNewModule bulma@0.7.4 checking installable status
37 silly cache add args [ 'bulma', null ]
38 verbose cache add spec bulma
39 silly cache add parsed spec Result {
39 silly cache add   raw: 'bulma',
39 silly cache add   scope: null,
39 silly cache add   escapedName: 'bulma',
39 silly cache add   name: 'bulma',
39 silly cache add   rawSpec: '',
39 silly cache add   spec: 'latest',
39 silly cache add   type: 'tag' }
40 silly addNamed bulma@latest
41 verbose addNamed "latest" is being treated as a dist-tag for bulma
42 info addNameTag [ 'bulma', 'latest' ]
43 silly mapToRegistry name bulma
44 silly mapToRegistry using default registry
45 silly mapToRegistry registry https://registry.npmjs.org/
46 silly mapToRegistry data Result {
46 silly mapToRegistry   raw: 'bulma',
46 silly mapToRegistry   scope: null,
46 silly mapToRegistry   escapedName: 'bulma',
46 silly mapToRegistry   name: 'bulma',
46 silly mapToRegistry   rawSpec: '',
46 silly mapToRegistry   spec: 'latest',
46 silly mapToRegistry   type: 'tag' }
47 silly mapToRegistry uri https://registry.npmjs.org/bulma
48 verbose addNameTag registry:https://registry.npmjs.org/bulma not in flight; fetching
49 verbose get https://registry.npmjs.org/bulma not expired, no request
50 silly addNameTag next cb for bulma with tag latest
51 silly addNamed bulma@0.7.4
52 verbose addNamed "0.7.4" is a plain semver version for bulma
53 silly mapToRegistry name bulma
54 silly mapToRegistry using default registry
55 silly mapToRegistry registry https://registry.npmjs.org/
56 silly mapToRegistry data Result {
56 silly mapToRegistry   raw: 'bulma',
56 silly mapToRegistry   scope: null,
56 silly mapToRegistry   escapedName: 'bulma',
56 silly mapToRegistry   name: 'bulma',
56 silly mapToRegistry   rawSpec: '',
56 silly mapToRegistry   spec: 'latest',
56 silly mapToRegistry   type: 'tag' }
57 silly mapToRegistry uri https://registry.npmjs.org/bulma
58 verbose addRemoteTarball https://registry.npmjs.org/bulma/-/bulma-0.7.4.tgz not in flight; adding
59 verbose addRemoteTarball [ 'https://registry.npmjs.org/bulma/-/bulma-0.7.4.tgz',
59 verbose addRemoteTarball   '7e74512e9118d9799021339e67e365ee0ac4f3f9' ]
60 info retry fetch attempt 1 at 11:34:45 PM
61 info attempt registry request try #1 at 11:34:45 PM
62 http fetch GET https://registry.npmjs.org/bulma/-/bulma-0.7.4.tgz
63 http fetch 200 https://registry.npmjs.org/bulma/-/bulma-0.7.4.tgz
64 silly fetchAndShaCheck shasum 7e74512e9118d9799021339e67e365ee0ac4f3f9
65 verbose addTmpTarball /tmp/npm-7414-99616758/registry.npmjs.org/bulma/-/bulma-0.7.4.tgz not in flight; adding
66 verbose addTmpTarball already have metadata; skipping unpack for bulma@0.7.4
67 verbose correctMkdir /home/ubuntu/.npm correctMkdir not in flight; initializing
68 silly cache afterAdd bulma@0.7.4
69 verbose afterAdd /home/ubuntu/.npm/bulma/0.7.4/package/package.json not in flight; writing
70 verbose correctMkdir /home/ubuntu/.npm correctMkdir not in flight; initializing
71 verbose afterAdd /home/ubuntu/.npm/bulma/0.7.4/package/package.json written
72 silly loadAllDepsIntoIdealTree Finishing
73 silly loadIdealTree Finishing
74 silly currentTree saasapp
74 silly currentTree └── mdbootstrap@4.7.4
75 silly idealTree saasapp
75 silly idealTree ├── bulma@0.7.4
75 silly idealTree └── mdbootstrap@4.7.4
76 silly generateActionsToTake Starting
77 silly install generateActionsToTake
78 silly rollbackFailedOptional Starting
79 silly rollbackFailedOptional Finishing
80 silly runTopLevelLifecycles Finishing
81 silly install printInstalled
82 warn enoent ENOENT: no such file or directory, open '/home/ubuntu/workspace/saasapp/package.json'
83 verbose enoent ENOENT: no such file or directory, open '/home/ubuntu/workspace/saasapp/package.json'
83 verbose enoent This is most likely not a problem with npm itself
83 verbose enoent and is related to npm not being able to find a file.
84 verbose stack Error: /home/ubuntu/workspace/saasapp/node_modules/mdbootstrap: Appears to be a git repo or submodule.
84 verbose stack     at /home/ubuntu/.nvm/versions/node/v6.11.2/lib/node_modules/npm/node_modules/npm-install-checks/index.js:137:15
84 verbose stack     at /home/ubuntu/.nvm/versions/node/v6.11.2/lib/node_modules/npm/node_modules/graceful-fs/polyfills.js:267:18
84 verbose stack     at FSReqWrap.oncomplete (fs.js:123:15)
85 verbose cwd /home/ubuntu/workspace/saasapp
86 error Linux 4.9.120-c9
87 error argv "/home/ubuntu/.nvm/versions/node/v6.11.2/bin/node" "/home/ubuntu/.nvm/versions/node/v6.11.2/bin/npm" "install" "bulma"
88 error node v6.11.2
89 error npm  v3.10.10
90 error path /home/ubuntu/workspace/saasapp/node_modules/mdbootstrap
91 error code EISGIT
92 error git /home/ubuntu/workspace/saasapp/node_modules/mdbootstrap: Appears to be a git repo or submodule.
93 error git /home/ubuntu/workspace/saasapp/node_modules/mdbootstrap
94 error git Refusing to remove it. Update manually,
94 error git or move it out of the way first.
95 verbose exit [ 1, true ]
